<?xml version="1.0" encoding="UTF-8"?>
<!-- Generated by org.testng.reporters.JUnitReportReporter -->
<testsuite hostname="DESKTOP-DIQ9PAC" name="modelo.UsuarioNGTest" tests="1" failures="0" timestamp="3 Feb 2020 09:02:45 GMT" time="0.016" errors="0">
  <testcase name="testGetPassUsuario" time="0.016" classname="modelo.UsuarioNGTest"/>
</testsuite> <!-- modelo.UsuarioNGTest -->
