<?xml version="1.0" encoding="UTF-8"?>
<!-- Generated by org.testng.reporters.JUnitReportReporter -->
<testsuite hostname="DESKTOP-DIQ9PAC" name="builderModular.Cielo_BuilderNGTest" tests="1" failures="0" timestamp="3 Feb 2020 09:25:56 GMT" time="0.009" errors="0">
  <testcase name="testConstruirCasaEspecial" time="0.009" classname="builderModular.Cielo_BuilderNGTest"/>
</testsuite> <!-- builderModular.Cielo_BuilderNGTest -->
